<?xml version="1.0" encoding="UTF-8"?>
<!-- Generated by org.testng.reporters.JUnitReportReporter -->
<testsuite skipped="0" hostname="LAPTOP-OITPML0G" name="testPackage.TestCases" tests="7" failures="0" timestamp="2022-05-18T14:21:09 IST" time="17.991" errors="0">
  <testcase name="Post" time="4.388" classname="testPackage.TestCases"/>
  <system-out/>
  <testcase name="Get" time="2.194" classname="testPackage.TestCases"/>
  <system-out/>
  <testcase name="Put" time="1.842" classname="testPackage.TestCases"/>
  <system-out/>
  <testcase name="Delete" time="4.704" classname="testPackage.TestCases"/>
  <system-out/>
  <testcase name="DeleteNegativeScenario" time="1.519" classname="testPackage.TestCases"/>
  <system-out/>
  <testcase name="PostMethodUsingStringBody" time="1.589" classname="testPackage.TestCases"/>
  <system-out/>
  <testcase name="PutMethodUsingStringBody" time="1.755" classname="testPackage.TestCases"/>
  <system-out/>
</testsuite> <!-- testPackage.TestCases -->
